mode: set
bitbucket.org/isberg/paragliding/mongo.go:11.75,25.16 6 1
bitbucket.org/isberg/paragliding/mongo.go:28.2,31.17 3 1
bitbucket.org/isberg/paragliding/mongo.go:25.16,26.13 1 0
bitbucket.org/isberg/paragliding/mongo.go:31.17,32.14 1 0
bitbucket.org/isberg/paragliding/mongo.go:38.77,52.16 6 1
bitbucket.org/isberg/paragliding/mongo.go:55.2,58.17 3 1
bitbucket.org/isberg/paragliding/mongo.go:52.16,53.13 1 0
bitbucket.org/isberg/paragliding/mongo.go:58.17,59.14 1 0
bitbucket.org/isberg/paragliding/mongo.go:64.38,66.16 2 1
bitbucket.org/isberg/paragliding/mongo.go:69.2,72.16 3 1
bitbucket.org/isberg/paragliding/mongo.go:76.2,76.14 1 1
bitbucket.org/isberg/paragliding/mongo.go:66.16,67.13 1 0
bitbucket.org/isberg/paragliding/mongo.go:72.16,75.3 2 0
bitbucket.org/isberg/paragliding/mongo.go:80.51,82.16 2 1
bitbucket.org/isberg/paragliding/mongo.go:85.2,88.17 3 1
bitbucket.org/isberg/paragliding/mongo.go:92.2,92.12 1 1
bitbucket.org/isberg/paragliding/mongo.go:82.16,83.13 1 0
bitbucket.org/isberg/paragliding/mongo.go:88.17,90.3 1 0
bitbucket.org/isberg/paragliding/mongo.go:96.65,98.16 2 1
bitbucket.org/isberg/paragliding/mongo.go:101.2,107.17 5 1
bitbucket.org/isberg/paragliding/mongo.go:110.2,110.28 1 1
bitbucket.org/isberg/paragliding/mongo.go:98.16,99.13 1 0
bitbucket.org/isberg/paragliding/mongo.go:107.17,109.3 1 0
bitbucket.org/isberg/paragliding/mongo.go:114.52,116.16 2 0
bitbucket.org/isberg/paragliding/mongo.go:119.2,122.17 3 0
bitbucket.org/isberg/paragliding/mongo.go:127.2,127.13 1 0
bitbucket.org/isberg/paragliding/mongo.go:116.16,117.13 1 0
bitbucket.org/isberg/paragliding/mongo.go:122.17,125.3 2 0
bitbucket.org/isberg/paragliding/mongo.go:131.48,133.16 2 0
bitbucket.org/isberg/paragliding/mongo.go:136.2,139.17 3 0
bitbucket.org/isberg/paragliding/mongo.go:144.2,145.17 2 0
bitbucket.org/isberg/paragliding/mongo.go:150.2,150.35 1 0
bitbucket.org/isberg/paragliding/mongo.go:157.2,157.13 1 0
bitbucket.org/isberg/paragliding/mongo.go:133.16,134.13 1 0
bitbucket.org/isberg/paragliding/mongo.go:139.17,142.3 2 0
bitbucket.org/isberg/paragliding/mongo.go:145.17,148.3 2 0
bitbucket.org/isberg/paragliding/mongo.go:150.35,151.28 1 0
bitbucket.org/isberg/paragliding/mongo.go:151.28,154.4 2 0
bitbucket.org/isberg/paragliding/mongo.go:161.56,163.16 2 1
bitbucket.org/isberg/paragliding/mongo.go:166.2,172.17 5 1
bitbucket.org/isberg/paragliding/mongo.go:177.2,177.16 1 1
bitbucket.org/isberg/paragliding/mongo.go:163.16,164.13 1 0
bitbucket.org/isberg/paragliding/mongo.go:172.17,175.3 2 0
bitbucket.org/isberg/paragliding/mongo.go:181.65,183.16 2 1
bitbucket.org/isberg/paragliding/mongo.go:186.2,192.17 5 1
bitbucket.org/isberg/paragliding/mongo.go:197.2,197.32 1 1
bitbucket.org/isberg/paragliding/mongo.go:183.16,184.13 1 0
bitbucket.org/isberg/paragliding/mongo.go:192.17,195.3 2 0
bitbucket.org/isberg/paragliding/mongo.go:201.67,203.16 2 1
bitbucket.org/isberg/paragliding/mongo.go:206.2,212.17 5 1
bitbucket.org/isberg/paragliding/mongo.go:217.2,217.32 1 1
bitbucket.org/isberg/paragliding/mongo.go:203.16,204.13 1 0
bitbucket.org/isberg/paragliding/mongo.go:212.17,215.3 2 0
bitbucket.org/isberg/paragliding/mongo.go:221.74,223.16 2 1
bitbucket.org/isberg/paragliding/mongo.go:226.2,232.17 5 1
bitbucket.org/isberg/paragliding/mongo.go:237.2,237.20 1 1
bitbucket.org/isberg/paragliding/mongo.go:223.16,224.13 1 0
bitbucket.org/isberg/paragliding/mongo.go:232.17,235.3 2 0
bitbucket.org/isberg/paragliding/mongo.go:241.86,243.16 2 1
bitbucket.org/isberg/paragliding/mongo.go:246.2,252.17 5 1
bitbucket.org/isberg/paragliding/mongo.go:257.2,257.18 1 1
bitbucket.org/isberg/paragliding/mongo.go:243.16,244.13 1 0
bitbucket.org/isberg/paragliding/mongo.go:252.17,255.3 2 0
bitbucket.org/isberg/paragliding/mongo.go:261.75,263.16 2 1
bitbucket.org/isberg/paragliding/mongo.go:266.2,271.17 4 1
bitbucket.org/isberg/paragliding/mongo.go:275.2,275.22 1 1
bitbucket.org/isberg/paragliding/mongo.go:263.16,264.13 1 0
bitbucket.org/isberg/paragliding/mongo.go:271.17,273.3 1 1
bitbucket.org/isberg/paragliding/mongo.go:279.40,281.16 2 1
bitbucket.org/isberg/paragliding/mongo.go:284.2,287.17 3 1
bitbucket.org/isberg/paragliding/mongo.go:281.16,282.13 1 0
bitbucket.org/isberg/paragliding/mongo.go:287.17,289.3 1 0
bitbucket.org/isberg/paragliding/mongo.go:293.66,295.16 2 1
bitbucket.org/isberg/paragliding/mongo.go:298.2,302.17 4 1
bitbucket.org/isberg/paragliding/mongo.go:306.2,306.22 1 1
bitbucket.org/isberg/paragliding/mongo.go:295.16,296.13 1 0
bitbucket.org/isberg/paragliding/mongo.go:302.17,304.3 1 0
bitbucket.org/isberg/paragliding/mongo.go:310.76,312.16 2 0
bitbucket.org/isberg/paragliding/mongo.go:315.2,319.17 4 0
bitbucket.org/isberg/paragliding/mongo.go:323.2,323.18 1 0
bitbucket.org/isberg/paragliding/mongo.go:312.16,313.13 1 0
bitbucket.org/isberg/paragliding/mongo.go:319.17,321.3 1 0
bitbucket.org/isberg/paragliding/mongo.go:327.69,329.16 2 1
bitbucket.org/isberg/paragliding/mongo.go:332.2,334.35 2 1
bitbucket.org/isberg/paragliding/mongo.go:329.16,330.13 1 0
bitbucket.org/isberg/paragliding/mongo.go:334.35,337.18 3 0
bitbucket.org/isberg/paragliding/mongo.go:337.18,339.4 1 0
bitbucket.org/isberg/paragliding/mongo.go:344.77,346.16 2 1
bitbucket.org/isberg/paragliding/mongo.go:349.2,355.17 5 1
bitbucket.org/isberg/paragliding/mongo.go:358.2,358.28 1 1
bitbucket.org/isberg/paragliding/mongo.go:346.16,347.13 1 0
bitbucket.org/isberg/paragliding/mongo.go:355.17,357.3 1 0
bitbucket.org/isberg/paragliding/mongo.go:362.77,364.16 2 0
bitbucket.org/isberg/paragliding/mongo.go:367.2,371.17 4 0
bitbucket.org/isberg/paragliding/mongo.go:374.2,375.17 2 0
bitbucket.org/isberg/paragliding/mongo.go:378.2,378.21 1 0
bitbucket.org/isberg/paragliding/mongo.go:364.16,365.13 1 0
bitbucket.org/isberg/paragliding/mongo.go:371.17,373.3 1 0
bitbucket.org/isberg/paragliding/mongo.go:375.17,377.3 1 0
bitbucket.org/isberg/paragliding/mongo.go:382.44,383.21 1 1
bitbucket.org/isberg/paragliding/mongo.go:387.2,388.16 2 1
bitbucket.org/isberg/paragliding/mongo.go:391.2,394.17 3 1
bitbucket.org/isberg/paragliding/mongo.go:398.2,398.12 1 1
bitbucket.org/isberg/paragliding/mongo.go:383.21,385.3 1 1
bitbucket.org/isberg/paragliding/mongo.go:388.16,389.13 1 0
bitbucket.org/isberg/paragliding/mongo.go:394.17,396.3 1 0
bitbucket.org/isberg/paragliding/ticker.go:15.63,20.9 3 1
bitbucket.org/isberg/paragliding/ticker.go:25.2,25.26 1 1
bitbucket.org/isberg/paragliding/ticker.go:20.9,23.3 2 0
bitbucket.org/isberg/paragliding/ticker.go:30.56,35.29 3 1
bitbucket.org/isberg/paragliding/ticker.go:41.2,42.9 2 1
bitbucket.org/isberg/paragliding/ticker.go:46.2,48.9 3 1
bitbucket.org/isberg/paragliding/ticker.go:53.2,54.16 2 1
bitbucket.org/isberg/paragliding/ticker.go:58.2,58.29 1 1
bitbucket.org/isberg/paragliding/ticker.go:62.2,65.9 3 1
bitbucket.org/isberg/paragliding/ticker.go:69.2,71.26 2 1
bitbucket.org/isberg/paragliding/ticker.go:81.2,90.17 3 1
bitbucket.org/isberg/paragliding/ticker.go:35.29,39.3 2 0
bitbucket.org/isberg/paragliding/ticker.go:42.9,45.3 2 0
bitbucket.org/isberg/paragliding/ticker.go:48.9,51.3 2 0
bitbucket.org/isberg/paragliding/ticker.go:54.16,56.3 1 0
bitbucket.org/isberg/paragliding/ticker.go:58.29,60.3 1 0
bitbucket.org/isberg/paragliding/ticker.go:65.9,68.3 2 0
bitbucket.org/isberg/paragliding/ticker.go:71.26,73.18 2 1
bitbucket.org/isberg/paragliding/ticker.go:77.3,78.33 2 1
bitbucket.org/isberg/paragliding/ticker.go:73.18,76.4 2 0
bitbucket.org/isberg/paragliding/ticker.go:90.17,93.3 2 0
bitbucket.org/isberg/paragliding/ticker.go:98.33,101.14 2 1
bitbucket.org/isberg/paragliding/ticker.go:104.2,106.31 2 1
bitbucket.org/isberg/paragliding/ticker.go:110.2,110.18 1 1
bitbucket.org/isberg/paragliding/ticker.go:101.14,103.3 1 1
bitbucket.org/isberg/paragliding/ticker.go:106.31,108.3 1 1
bitbucket.org/isberg/paragliding/ticker.go:114.59,118.56 2 1
bitbucket.org/isberg/paragliding/ticker.go:124.2,130.16 4 1
bitbucket.org/isberg/paragliding/ticker.go:135.2,136.9 2 1
bitbucket.org/isberg/paragliding/ticker.go:141.2,142.16 2 1
bitbucket.org/isberg/paragliding/ticker.go:146.2,146.29 1 1
bitbucket.org/isberg/paragliding/ticker.go:150.2,153.17 3 1
bitbucket.org/isberg/paragliding/ticker.go:157.2,160.28 3 1
bitbucket.org/isberg/paragliding/ticker.go:169.2,170.9 2 1
bitbucket.org/isberg/paragliding/ticker.go:175.2,184.17 3 1
bitbucket.org/isberg/paragliding/ticker.go:118.56,122.3 2 0
bitbucket.org/isberg/paragliding/ticker.go:130.16,133.3 2 0
bitbucket.org/isberg/paragliding/ticker.go:136.9,139.3 2 0
bitbucket.org/isberg/paragliding/ticker.go:142.16,144.3 1 0
bitbucket.org/isberg/paragliding/ticker.go:146.29,148.3 1 0
bitbucket.org/isberg/paragliding/ticker.go:153.17,156.3 2 0
bitbucket.org/isberg/paragliding/ticker.go:160.28,162.18 2 1
bitbucket.org/isberg/paragliding/ticker.go:165.3,166.33 2 1
bitbucket.org/isberg/paragliding/ticker.go:162.18,163.12 1 1
bitbucket.org/isberg/paragliding/ticker.go:170.9,173.3 2 0
bitbucket.org/isberg/paragliding/ticker.go:184.17,187.3 2 0
bitbucket.org/isberg/paragliding/Admin.go:13.76,17.2 3 1
bitbucket.org/isberg/paragliding/Admin.go:20.94,24.15 3 1
bitbucket.org/isberg/paragliding/Admin.go:29.2,30.16 2 1
bitbucket.org/isberg/paragliding/Admin.go:34.2,34.22 1 1
bitbucket.org/isberg/paragliding/Admin.go:24.15,27.3 2 0
bitbucket.org/isberg/paragliding/Admin.go:30.16,33.3 2 0
bitbucket.org/isberg/paragliding/Admin.go:38.40,39.24 1 1
bitbucket.org/isberg/paragliding/Admin.go:52.2,52.11 1 0
bitbucket.org/isberg/paragliding/Admin.go:39.24,43.21 2 1
bitbucket.org/isberg/paragliding/Admin.go:47.3,48.17 2 1
bitbucket.org/isberg/paragliding/Admin.go:43.21,45.4 1 1
bitbucket.org/isberg/paragliding/Admin.go:48.17,50.4 1 1
bitbucket.org/isberg/paragliding/Api.go:12.25,30.30 12 1
bitbucket.org/isberg/paragliding/Api.go:46.2,48.19 2 1
bitbucket.org/isberg/paragliding/Api.go:30.30,32.35 1 1
bitbucket.org/isberg/paragliding/Api.go:32.35,34.4 1 1
bitbucket.org/isberg/paragliding/Api.go:34.9,34.38 1 1
bitbucket.org/isberg/paragliding/Api.go:34.38,36.21 1 1
bitbucket.org/isberg/paragliding/Api.go:36.21,40.5 3 0
bitbucket.org/isberg/paragliding/Api.go:40.10,42.5 1 1
bitbucket.org/isberg/paragliding/Api.go:52.26,54.19 2 1
bitbucket.org/isberg/paragliding/Api.go:57.2,57.16 1 1
bitbucket.org/isberg/paragliding/Api.go:54.19,56.3 1 1
bitbucket.org/isberg/paragliding/Api.go:61.50,69.16 4 1
bitbucket.org/isberg/paragliding/Api.go:69.16,71.3 1 0
bitbucket.org/isberg/paragliding/ApiIgc.go:12.55,15.16 2 1
bitbucket.org/isberg/paragliding/ApiIgc.go:20.2,22.41 3 1
bitbucket.org/isberg/paragliding/ApiIgc.go:27.2,28.17 2 1
bitbucket.org/isberg/paragliding/ApiIgc.go:36.2,38.17 3 1
bitbucket.org/isberg/paragliding/ApiIgc.go:42.2,42.18 1 1
bitbucket.org/isberg/paragliding/ApiIgc.go:15.16,18.3 2 0
bitbucket.org/isberg/paragliding/ApiIgc.go:22.41,25.3 2 0
bitbucket.org/isberg/paragliding/ApiIgc.go:28.17,31.3 2 1
bitbucket.org/isberg/paragliding/ApiIgc.go:38.17,41.3 2 0
bitbucket.org/isberg/paragliding/ApiIgc.go:47.55,55.16 5 1
bitbucket.org/isberg/paragliding/ApiIgc.go:55.16,57.3 1 0
bitbucket.org/isberg/paragliding/ApiIgc.go:61.40,63.17 2 1
bitbucket.org/isberg/paragliding/ApiIgc.go:66.2,66.16 1 1
bitbucket.org/isberg/paragliding/ApiIgc.go:70.2,71.9 2 1
bitbucket.org/isberg/paragliding/ApiIgc.go:75.2,76.9 2 1
bitbucket.org/isberg/paragliding/ApiIgc.go:80.2,81.16 2 1
bitbucket.org/isberg/paragliding/ApiIgc.go:85.2,87.17 3 1
bitbucket.org/isberg/paragliding/ApiIgc.go:63.17,65.3 1 0
bitbucket.org/isberg/paragliding/ApiIgc.go:66.16,68.3 1 1
bitbucket.org/isberg/paragliding/ApiIgc.go:71.9,73.3 1 0
bitbucket.org/isberg/paragliding/ApiIgc.go:76.9,78.3 1 0
bitbucket.org/isberg/paragliding/ApiIgc.go:81.16,84.3 2 0
bitbucket.org/isberg/paragliding/ApiIgc.go:91.43,93.17 2 1
bitbucket.org/isberg/paragliding/ApiIgc.go:96.2,96.16 1 1
bitbucket.org/isberg/paragliding/ApiIgc.go:100.2,101.9 2 1
bitbucket.org/isberg/paragliding/ApiIgc.go:105.2,106.9 2 1
bitbucket.org/isberg/paragliding/ApiIgc.go:110.2,111.16 2 1
bitbucket.org/isberg/paragliding/ApiIgc.go:115.2,117.17 3 1
bitbucket.org/isberg/paragliding/ApiIgc.go:93.17,95.3 1 0
bitbucket.org/isberg/paragliding/ApiIgc.go:96.16,98.3 1 1
bitbucket.org/isberg/paragliding/ApiIgc.go:101.9,103.3 1 0
bitbucket.org/isberg/paragliding/ApiIgc.go:106.9,108.3 1 0
bitbucket.org/isberg/paragliding/ApiIgc.go:111.16,114.3 2 0
bitbucket.org/isberg/paragliding/ApiIgc.go:121.55,130.9 4 1
bitbucket.org/isberg/paragliding/ApiIgc.go:133.2,133.26 1 1
bitbucket.org/isberg/paragliding/ApiIgc.go:139.2,139.28 1 1
bitbucket.org/isberg/paragliding/ApiIgc.go:151.2,154.16 3 1
bitbucket.org/isberg/paragliding/ApiIgc.go:130.9,132.3 1 0
bitbucket.org/isberg/paragliding/ApiIgc.go:133.26,137.3 3 1
bitbucket.org/isberg/paragliding/ApiIgc.go:139.28,144.17 3 0
bitbucket.org/isberg/paragliding/ApiIgc.go:147.3,147.9 1 0
bitbucket.org/isberg/paragliding/ApiIgc.go:144.17,146.4 1 0
bitbucket.org/isberg/paragliding/ApiIgc.go:154.16,157.3 2 0
bitbucket.org/isberg/paragliding/Id.go:16.55,23.9 4 1
bitbucket.org/isberg/paragliding/Id.go:28.2,39.16 3 1
bitbucket.org/isberg/paragliding/Id.go:23.9,26.3 2 0
bitbucket.org/isberg/paragliding/Id.go:39.16,41.3 1 0
bitbucket.org/isberg/paragliding/Id.go:45.48,49.43 2 1
bitbucket.org/isberg/paragliding/Id.go:53.2,53.27 1 1
bitbucket.org/isberg/paragliding/Id.go:49.43,51.3 1 1
bitbucket.org/isberg/paragliding/Id.go:57.46,60.16 2 1
bitbucket.org/isberg/paragliding/Id.go:64.2,65.9 2 1
bitbucket.org/isberg/paragliding/Id.go:69.2,78.6 1 1
bitbucket.org/isberg/paragliding/Id.go:60.16,62.3 1 1
bitbucket.org/isberg/paragliding/Id.go:65.9,67.3 1 0
bitbucket.org/isberg/paragliding/Id.go:82.58,90.9 4 1
bitbucket.org/isberg/paragliding/Id.go:96.2,96.23 1 1
bitbucket.org/isberg/paragliding/Id.go:90.9,94.3 3 0
bitbucket.org/isberg/paragliding/Id.go:97.15,98.35 1 1
bitbucket.org/isberg/paragliding/Id.go:99.16,100.35 1 1
bitbucket.org/isberg/paragliding/Id.go:101.16,102.36 1 1
bitbucket.org/isberg/paragliding/Id.go:103.19,104.38 1 1
bitbucket.org/isberg/paragliding/Id.go:105.22,106.41 1 1
bitbucket.org/isberg/paragliding/Id.go:113.27,120.2 5 1
bitbucket.org/isberg/paragliding/main.go:39.13,84.16 24 1
bitbucket.org/isberg/paragliding/main.go:87.2,87.57 1 1
bitbucket.org/isberg/paragliding/main.go:84.16,86.3 1 1
bitbucket.org/isberg/paragliding/main.go:87.57,88.13 1 0
bitbucket.org/isberg/paragliding/main.go:94.50,97.2 1 1
bitbucket.org/isberg/paragliding/main.go:100.55,102.2 1 1
bitbucket.org/isberg/paragliding/main.go:108.59,110.33 1 0
bitbucket.org/isberg/paragliding/main.go:110.33,112.17 2 0
bitbucket.org/isberg/paragliding/main.go:112.17,114.4 1 0
bitbucket.org/isberg/paragliding/main.go:114.9,116.4 1 0
bitbucket.org/isberg/paragliding/main.go:117.8,117.39 1 0
bitbucket.org/isberg/paragliding/main.go:117.39,118.38 1 0
bitbucket.org/isberg/paragliding/main.go:118.38,122.4 2 0
bitbucket.org/isberg/paragliding/WebHook.go:16.62,20.16 3 1
bitbucket.org/isberg/paragliding/WebHook.go:25.2,25.34 1 1
bitbucket.org/isberg/paragliding/WebHook.go:29.2,30.9 2 1
bitbucket.org/isberg/paragliding/WebHook.go:34.2,39.17 5 1
bitbucket.org/isberg/paragliding/WebHook.go:44.2,44.27 1 1
bitbucket.org/isberg/paragliding/WebHook.go:20.16,23.3 2 0
bitbucket.org/isberg/paragliding/WebHook.go:25.34,27.3 1 0
bitbucket.org/isberg/paragliding/WebHook.go:30.9,33.3 2 0
bitbucket.org/isberg/paragliding/WebHook.go:39.17,42.3 2 0
bitbucket.org/isberg/paragliding/WebHook.go:50.43,60.2 4 1
bitbucket.org/isberg/paragliding/WebHook.go:63.91,68.16 3 1
bitbucket.org/isberg/paragliding/WebHook.go:72.2,72.30 1 1
bitbucket.org/isberg/paragliding/WebHook.go:78.2,78.16 1 1
bitbucket.org/isberg/paragliding/WebHook.go:68.16,70.3 1 0
bitbucket.org/isberg/paragliding/WebHook.go:72.30,74.18 2 0
bitbucket.org/isberg/paragliding/WebHook.go:74.18,76.4 1 0
bitbucket.org/isberg/paragliding/WebHook.go:82.96,86.16 3 0
bitbucket.org/isberg/paragliding/WebHook.go:91.2,92.9 2 0
bitbucket.org/isberg/paragliding/WebHook.go:100.2,106.17 3 0
bitbucket.org/isberg/paragliding/WebHook.go:110.2,114.17 4 0
bitbucket.org/isberg/paragliding/WebHook.go:119.2,119.12 1 0
bitbucket.org/isberg/paragliding/WebHook.go:86.16,89.3 2 0
bitbucket.org/isberg/paragliding/WebHook.go:92.9,94.3 1 0
bitbucket.org/isberg/paragliding/WebHook.go:106.17,108.3 1 0
bitbucket.org/isberg/paragliding/WebHook.go:114.17,117.3 1 0
bitbucket.org/isberg/paragliding/WebHook.go:123.56,127.9 3 1
bitbucket.org/isberg/paragliding/WebHook.go:131.2,135.4 2 1
bitbucket.org/isberg/paragliding/WebHook.go:127.9,130.3 2 0
bitbucket.org/isberg/paragliding/WebHook.go:139.60,143.16 3 0
bitbucket.org/isberg/paragliding/WebHook.go:148.2,152.4 2 0
bitbucket.org/isberg/paragliding/WebHook.go:143.16,146.3 2 0
